<?xml version="1.0" encoding="UTF-8"?>
<!-- Generated by org.testng.reporters.JUnitReportReporter -->
<testsuite hostname="DESKTOP-7C63LC4" failures="0" tests="4" name="acti.test.LoginpageTest" time="3.469" errors="0" timestamp="2022-07-26T21:28:36 EDT" skipped="0">
  <testcase classname="acti.test.LoginpageTest" name="testLoginpageTitle" time="0.017"/>
  <system-out/>
  <testcase classname="acti.test.LoginpageTest" name="testForgotPasswordLink" time="0.222"/>
  <system-out/>
  <testcase classname="acti.test.LoginpageTest" name="testActiLogoIsDisplayed" time="0.041"/>
  <system-out/>
  <testcase classname="acti.test.LoginpageTest" name="testLoginFunction" time="3.189"/>
  <system-out/>
</testsuite> <!-- acti.test.LoginpageTest -->
