<?xml version="1.0" encoding="UTF-8"?>
<!-- Generated by org.testng.reporters.JUnitReportReporter -->
<testsuite hostname="DESKTOP-7C63LC4" failures="0" tests="1" name="acti.driver.DriverManager" time="9.290" errors="0" timestamp="2022-07-23T16:29:19 EDT" skipped="0">
  <testcase classname="acti.driver.DriverManager" name="init_driver" time="9.290"/>
  <system-out/>
</testsuite> <!-- acti.driver.DriverManager -->
